<?xml version="1.0" encoding="UTF-8"?>
<testsuite xmlns:xsi="http://www.w3.org/2001/XMLSchema-instance" xsi:schemaLocation="https://maven.apache.org/surefire/maven-surefire-plugin/xsd/surefire-test-report.xsd" name="HeroClasses.RangerTest" time="0.016" tests="22" errors="0" skipped="0" failures="0">
  <properties>
    <property name="idea.version" value="2022.3.2"/>
    <property name="java.runtime.name" value="Java(TM) SE Runtime Environment"/>
    <property name="java.vm.version" value="19.0.1+10-21"/>
    <property name="sun.boot.library.path" value="C:\Program Files\Java\jdk-19\bin"/>
    <property name="user.country.format" value="SE"/>
    <property name="maven.multiModuleProjectDirectory" value="C:\Users\MGliso\IdeaProjects\RPG"/>
    <property name="java.vm.vendor" value="Oracle Corporation"/>
    <property name="java.vendor.url" value="https://java.oracle.com/"/>
    <property name="guice.disable.misplaced.annotation.check" value="true"/>
    <property name="path.separator" value=";"/>
    <property name="java.vm.name" value="Java HotSpot(TM) 64-Bit Server VM"/>
    <property name="sun.os.patch.level" value=""/>
    <property name="user.script" value=""/>
    <property name="user.country" value="US"/>
    <property name="sun.java.launcher" value="SUN_STANDARD"/>
    <property name="java.vm.specification.name" value="Java Virtual Machine Specification"/>
    <property name="user.dir" value="C:\Users\MGliso\IdeaProjects\RPG"/>
    <property name="java.vm.compressedOopsMode" value="Zero based"/>
    <property name="java.runtime.version" value="19.0.1+10-21"/>
    <property name="os.arch" value="amd64"/>
    <property name="java.io.tmpdir" value="C:\Users\MGliso\AppData\Local\Temp\"/>
    <property name="line.separator" value="&#10;"/>
    <property name="java.vm.specification.vendor" value="Oracle Corporation"/>
    <property name="user.variant" value=""/>
    <property name="stderr.encoding" value="UTF-8"/>
    <property name="os.name" value="Windows 10"/>
    <property name="maven.ext.class.path" value="C:\Users\MGliso\AppData\Local\JetBrains\IntelliJ IDEA 2022.3.2\plugins\maven\lib\maven-event-listener.jar"/>
    <property name="classworlds.conf" value="C:\Users\MGliso\AppData\Local\JetBrains\IntelliJ IDEA 2022.3.2\plugins\maven\lib\maven3\bin\m2.conf"/>
    <property name="sun.jnu.encoding" value="Cp1252"/>
    <property name="stdout.encoding" value="UTF-8"/>
    <property name="java.library.path" value="C:\Program Files\Java\jdk-19\bin;C:\Windows\Sun\Java\bin;C:\Windows\system32;C:\Windows;C:\Program Files\Common Files\Oracle\Java\javapath;C:\Windows\system32;C:\Windows;C:\Windows\System32\Wbem;C:\Windows\System32\WindowsPowerShell\v1.0\;C:\Windows\System32\OpenSSH\;C:\Program Files\PolicyPak\;C:\Program Files\nodejs\;C:\Users\MGliso\AppData\Local\Microsoft\WindowsApps;C:\Users\MGliso\AppData\Local\Programs\Git\cmd;C:\Users\MGliso\AppData\Local\GitHubDesktop\bin;C:\Users\MGliso\AppData\Roaming\npm;C:\ProgramData\MGliso\gitkraken\bin;."/>
    <property name="jansi.passthrough" value="true"/>
    <property name="maven.conf" value="C:\Users\MGliso\AppData\Local\JetBrains\IntelliJ IDEA 2022.3.2\plugins\maven\lib\maven3/conf"/>
    <property name="jdk.debug" value="release"/>
    <property name="java.class.version" value="63.0"/>
    <property name="java.specification.name" value="Java Platform API Specification"/>
    <property name="sun.management.compiler" value="HotSpot 64-Bit Tiered Compilers"/>
    <property name="os.version" value="10.0"/>
    <property name="user.home" value="C:\Users\MGliso"/>
    <property name="user.timezone" value="Europe/Stockholm"/>
    <property name="file.encoding" value="UTF-8"/>
    <property name="java.specification.version" value="19"/>
    <property name="user.name" value="MGliso"/>
    <property name="java.class.path" value="C:\Users\MGliso\AppData\Local\JetBrains\IntelliJ IDEA 2022.3.2\plugins\maven\lib\maven3\boot\plexus-classworlds-2.6.0.jar;C:\Users\MGliso\AppData\Local\JetBrains\IntelliJ IDEA 2022.3.2\plugins\maven\lib\maven3\boot\plexus-classworlds.license"/>
    <property name="java.vm.specification.version" value="19"/>
    <property name="sun.arch.data.model" value="64"/>
    <property name="sun.java.command" value="org.codehaus.classworlds.Launcher -Didea.version=2022.3.2 test"/>
    <property name="java.home" value="C:\Program Files\Java\jdk-19"/>
    <property name="user.language" value="en"/>
    <property name="java.specification.vendor" value="Oracle Corporation"/>
    <property name="java.vm.info" value="mixed mode, sharing"/>
    <property name="java.version" value="19.0.1"/>
    <property name="native.encoding" value="Cp1252"/>
    <property name="java.vendor" value="Oracle Corporation"/>
    <property name="sun.stderr.encoding" value="UTF-8"/>
    <property name="maven.home" value="C:\Users\MGliso\AppData\Local\JetBrains\IntelliJ IDEA 2022.3.2\plugins\maven\lib\maven3"/>
    <property name="file.separator" value="\"/>
    <property name="java.version.date" value="2022-10-18"/>
    <property name="java.vendor.url.bug" value="https://bugreport.java.com/bugreport/"/>
    <property name="sun.io.unicode.encoding" value="UnicodeLittle"/>
    <property name="sun.cpu.endian" value="little"/>
    <property name="sun.stdout.encoding" value="UTF-8"/>
    <property name="sun.cpu.isalist" value="amd64"/>
  </properties>
  <testcase name="rangerEquip_validArmorEquip_itemToBeEquipped" classname="HeroClasses.RangerTest" time="0.001"/>
  <testcase name="rangerEquip_validWeaponEquip_itemToBeEquipped" classname="HeroClasses.RangerTest" time="0"/>
  <testcase name="rangerSetName_validName_shouldGiveRangerName" classname="HeroClasses.RangerTest" time="0"/>
  <testcase name="rangerEquip_invalidArmorLevel_ExceptionToBeThrown" classname="HeroClasses.RangerTest" time="0"/>
  <testcase name="rangerEquip_invalidWeaponType_ExceptionToBeThrown" classname="HeroClasses.RangerTest" time="0.001"/>
  <testcase name="rangerDisplay_rangerHeroDisplayWithArmour_displayAllStats" classname="HeroClasses.RangerTest" time="0.001"/>
  <testcase name="rangerEquip_invalidArmorType_ExceptionToBeThrown" classname="HeroClasses.RangerTest" time="0"/>
  <testcase name="createRanger_levelInitialization_rangerTooStartWithLevel1" classname="HeroClasses.RangerTest" time="0"/>
  <testcase name="rangerTotalAttributes_replacePieceOfArmour_totalAttributesToBeAdded" classname="HeroClasses.RangerTest" time="0"/>
  <testcase name="rangerEquip_invalidWeaponLevel_ExceptionToBeThrown" classname="HeroClasses.RangerTest" time="0.001"/>
  <testcase name="rangerDamage_equipWeaponAndArmour_totalDamageToBeCorrect" classname="HeroClasses.RangerTest" time="0"/>
  <testcase name="rangerLevelUp_attributeUpgrade_attributesToUpgradeForRanger" classname="HeroClasses.RangerTest" time="0.001"/>
  <testcase name="createRanger_statInitialization_rangerTooStartWithCorrectAttributes" classname="HeroClasses.RangerTest" time="0"/>
  <testcase name="rangerTotalAttributes_twoPiecesOfArmour_totalAttributesToBeAdded" classname="HeroClasses.RangerTest" time="0"/>
  <testcase name="rangerDamage_damageWithWeapon_totalDamageToBeCorrect" classname="HeroClasses.RangerTest" time="0"/>
  <testcase name="rangerTotalAttributes_noEquipment_totalAttributesToBeAdded" classname="HeroClasses.RangerTest" time="0"/>
  <testcase name="rangerDamage_damageWithoutWeapon_totalDamageToBeAdded" classname="HeroClasses.RangerTest" time="0.001"/>
  <testcase name="rangerDisplay_rangerHeroDisplay_displayAllStats" classname="HeroClasses.RangerTest" time="0"/>
  <testcase name="rangerSetName_tooShortName_throwErrorNameTooShort" classname="HeroClasses.RangerTest" time="0"/>
  <testcase name="rangerTotalAttributes_onePieceOfArmour_totalAttributesToBeAdded" classname="HeroClasses.RangerTest" time="0"/>
  <testcase name="rangerLevelUp_levelIncreased_levelToBeIncreasedBy1" classname="HeroClasses.RangerTest" time="0"/>
  <testcase name="rangerDamage_equipNewWeapon_totalDamageBeUnaltered" classname="HeroClasses.RangerTest" time="0.001"/>
</testsuite>